<?xml version="1.0" encoding="UTF-8"?>
<!-- Generated by org.testng.reporters.JUnitReportReporter -->
<testsuite hostname="DESKTOP-GOMK6OD" name="RegressionV1API.basiccheck" tests="1" failures="0" timestamp="8 Sep 2018 13:18:19 GMT" time="4.153" errors="0">
  <testcase name="AddBooks" time="4.153" classname="RegressionV1API.basiccheck"/>
</testsuite>
