<?xml version="1.0" encoding="UTF-8"?>
<!-- Generated by org.testng.reporters.JUnitReportReporter -->
<testsuite hostname="LDALmac40V8JG5M" name="TestFramework.incentiveControllerTest" tests="3" failures="0" timestamp="5 Dec 2018 18:08:49 GMT" time="1.198" errors="0">
  <testcase name="AssertStatusCodeNegativeWrongId" time="0.408" classname="TestFramework.incentiveControllerTest"/>
  <testcase name="AssertStatusCodePostiveAndIdTheSame" time="0.403" classname="TestFramework.incentiveControllerTest"/>
  <testcase name="AssertStatusCodeNegativeWrongAuth" time="0.387" classname="TestFramework.incentiveControllerTest"/>
</testsuite>
