<?xml version="1.0" encoding="UTF-8"?>
<!-- Generated by org.testng.reporters.JUnitReportReporter -->
<testsuite hostname="LDALmac40V8JG5M" name="RegressionV1API.vechicleVCDAControllerTest" tests="4" failures="0" timestamp="5 Dec 2018 18:28:23 GMT" time="1.639" errors="0">
  <testcase name="AssertStatusCodeNegativeWrongAuth" time="0.389" classname="RegressionV1API.vechicleVCDAControllerTest"/>
  <testcase name="AssertStatusCodePostive" time="0.447" classname="RegressionV1API.vechicleVCDAControllerTest"/>
  <testcase name="AssertStatusCodeNegativeWrongId" time="0.407" classname="RegressionV1API.vechicleVCDAControllerTest"/>
  <testcase name="AssertStatusCodeNegativeNoId" time="0.396" classname="RegressionV1API.vechicleVCDAControllerTest"/>
</testsuite>
