<?xml version="1.0" encoding="UTF-8"?>
<!-- Generated by org.testng.reporters.JUnitReportReporter -->
<testsuite hostname="LDALmac40V8JG5M" name="RegressionV1API.accountControllerTest" tests="3" failures="0" timestamp="5 Dec 2018 18:28:23 GMT" time="1.202" errors="0">
  <testcase name="AssertStatusCodeNegativeWrongId" time="0.419" classname="RegressionV1API.accountControllerTest"/>
  <testcase name="AssertStatusCodePostive" time="0.404" classname="RegressionV1API.accountControllerTest"/>
  <testcase name="AssertStatusCodeNegativeWrongAuth" time="0.379" classname="RegressionV1API.accountControllerTest"/>
</testsuite>
