<?xml version="1.0" encoding="UTF-8"?>
<!-- Generated by org.testng.reporters.JUnitReportReporter -->
<testsuite hostname="LDALmac40V8JG5M" name="RegressionV1API.vechiclesSearchControllerTest" tests="4" failures="0" timestamp="5 Dec 2018 18:28:23 GMT" time="2.208" errors="0">
  <testcase name="AssertStatusCodePostive" time="0.463" classname="RegressionV1API.vechiclesSearchControllerTest"/>
  <testcase name="AssertStatusCodeNegativeWrongAuth" time="0.392" classname="RegressionV1API.vechiclesSearchControllerTest"/>
  <testcase name="AssertStatusCodeNegativeWrongId" time="0.402" classname="RegressionV1API.vechiclesSearchControllerTest"/>
  <testcase name="AssertStatusCodePostive2" time="0.951" classname="RegressionV1API.vechiclesSearchControllerTest"/>
</testsuite>
