<?xml version="1.0" encoding="UTF-8"?>
<!-- Generated by org.testng.reporters.JUnitReportReporter -->
<testsuite hostname="LDALmac40V8JG5M" name="TestFramework.vechicleVCDAControllerTest" tests="4" failures="0" timestamp="5 Dec 2018 18:08:49 GMT" time="1.574" errors="0">
  <testcase name="AssertStatusCodePostive" time="0.425" classname="TestFramework.vechicleVCDAControllerTest"/>
  <testcase name="AssertStatusCodeNegativeWrongAuth" time="0.379" classname="TestFramework.vechicleVCDAControllerTest"/>
  <testcase name="AssertStatusCodeNegativeWrongId" time="0.392" classname="TestFramework.vechicleVCDAControllerTest"/>
  <testcase name="AssertStatusCodeNegativeNoId" time="0.378" classname="TestFramework.vechicleVCDAControllerTest"/>
</testsuite>
