<?xml version="1.0" encoding="UTF-8"?>
<!-- Generated by org.testng.reporters.JUnitReportReporter -->
<testsuite hostname="LDALmac40V8JG5M" name="RegressionV1API.IncentivesSearchControllerTest" tests="4" failures="0" timestamp="5 Dec 2018 18:28:23 GMT" time="3.122" errors="0">
  <testcase name="AssertStatusCodeNegativeWrongAuth" time="1.324" classname="RegressionV1API.IncentivesSearchControllerTest"/>
  <testcase name="AssertStatusCodePostive2" time="0.734" classname="RegressionV1API.IncentivesSearchControllerTest"/>
  <testcase name="AssertStatusCodePostive" time="0.655" classname="RegressionV1API.IncentivesSearchControllerTest"/>
  <testcase name="AssertStatusCodeNegativeWrongId" time="0.409" classname="RegressionV1API.IncentivesSearchControllerTest"/>
</testsuite>
