<?xml version="1.0" encoding="UTF-8"?>
<!-- Generated by org.testng.reporters.JUnitReportReporter -->
<testsuite hostname="LDALmac40V8JG5M" name="TestFramework.accountControllerTest" tests="3" failures="0" timestamp="5 Dec 2018 18:08:49 GMT" time="1.487" errors="0">
  <testcase name="AssertStatusCodePostive" time="0.418" classname="TestFramework.accountControllerTest"/>
  <testcase name="AssertStatusCodeNegativeWrongId" time="0.404" classname="TestFramework.accountControllerTest"/>
  <testcase name="AssertStatusCodeNegativeWrongAuth" time="0.665" classname="TestFramework.accountControllerTest"/>
</testsuite>
