<?xml version="1.0" encoding="UTF-8"?>
<!-- Generated by org.testng.reporters.JUnitReportReporter -->
<testsuite hostname="LDALmac40V8JG5M" name="CucumberOptions.TestRunner" tests="6" failures="0" timestamp="2 Jan 2019 23:18:22 GMT" time="23.462" errors="0">
  <testcase name="feature" time="2.852" classname="CucumberOptions.TestRunner"/>
  <testcase name="feature" time="4.619" classname="CucumberOptions.TestRunner"/>
  <testcase name="feature" time="4.865" classname="CucumberOptions.TestRunner"/>
  <testcase name="feature" time="4.362" classname="CucumberOptions.TestRunner"/>
  <testcase name="feature" time="5.598" classname="CucumberOptions.TestRunner"/>
  <testcase name="feature" time="1.166" classname="CucumberOptions.TestRunner"/>
</testsuite>
