<?xml version="1.0" encoding="UTF-8"?>
<!-- Generated by org.testng.reporters.JUnitReportReporter -->
<testsuite hostname="LDALmac40V8JG5M" name="RegressionV1API.vechicleControllerTest" tests="3" failures="0" timestamp="5 Dec 2018 18:28:23 GMT" time="1.518" errors="0">
  <testcase name="AssertStatusCodeNegativeWrongAuth" time="0.396" classname="RegressionV1API.vechicleControllerTest"/>
  <testcase name="AssertStatusCodeNegativeWrongId" time="0.397" classname="RegressionV1API.vechicleControllerTest"/>
  <testcase name="AssertStatusCodePostive" time="0.725" classname="RegressionV1API.vechicleControllerTest"/>
</testsuite>
