<?xml version="1.0" encoding="UTF-8"?>
<!-- Generated by org.testng.reporters.JUnitReportReporter -->
<testsuite hostname="LDALmac40V8JG5M" name="TestFramework.vechiclesVCDASearchControllerTest" tests="4" failures="0" timestamp="5 Dec 2018 18:08:49 GMT" time="2.042" errors="0">
  <testcase name="AssertStatusCodeNegativeWrongId" time="0.403" classname="TestFramework.vechiclesVCDASearchControllerTest"/>
  <testcase name="AssertStatusCodeNegativeWrongAuth" time="0.381" classname="TestFramework.vechiclesVCDASearchControllerTest"/>
  <testcase name="AssertStatusCodePostive2" time="0.825" classname="TestFramework.vechiclesVCDASearchControllerTest"/>
  <testcase name="AssertStatusCodePostive" time="0.433" classname="TestFramework.vechiclesVCDASearchControllerTest"/>
</testsuite>
