<?xml version="1.0" encoding="UTF-8"?>
<!-- Generated by org.testng.reporters.JUnitReportReporter -->
<testsuite hostname="LDALmac40V8JG5M" name="TestFramework.vechiclesSearchControllerTest" tests="4" failures="0" timestamp="5 Dec 2018 18:08:49 GMT" time="2.266" errors="0">
  <testcase name="AssertStatusCodeNegativeWrongAuth" time="0.384" classname="TestFramework.vechiclesSearchControllerTest"/>
  <testcase name="AssertStatusCodeNegativeWrongId" time="0.395" classname="TestFramework.vechiclesSearchControllerTest"/>
  <testcase name="AssertStatusCodePostive" time="0.464" classname="TestFramework.vechiclesSearchControllerTest"/>
  <testcase name="AssertStatusCodePostive2" time="1.023" classname="TestFramework.vechiclesSearchControllerTest"/>
</testsuite>
