<?xml version="1.0" encoding="UTF-8"?>
<!-- Generated by org.testng.reporters.JUnitReportReporter -->
<testsuite hostname="LDALmac40V8JG5M" name="TestFramework.accountsSearchControllerTest" tests="5" failures="0" timestamp="5 Dec 2018 18:08:49 GMT" time="2.038" errors="0">
  <testcase name="AssertStatusCodePostive" time="0.414" classname="TestFramework.accountsSearchControllerTest"/>
  <testcase name="AssertStatusCodeNegativeWrongId" time="0.399" classname="TestFramework.accountsSearchControllerTest"/>
  <testcase name="AssertStatusCodeNegativeWrongAuth" time="0.390" classname="TestFramework.accountsSearchControllerTest"/>
  <testcase name="AssertStatusCodePostive2" time="0.438" classname="TestFramework.accountsSearchControllerTest"/>
  <testcase name="AssertStatusCodeNegativeWrongAccountId" time="0.397" classname="TestFramework.accountsSearchControllerTest"/>
</testsuite>
