<?xml version="1.0" encoding="UTF-8"?>
<!-- Generated by org.testng.reporters.JUnitReportReporter -->
<testsuite hostname="LDALmac40V8JG5M" name="RegressionV1API.vechiclesVCDASearchControllerTest" tests="4" failures="0" timestamp="5 Dec 2018 18:28:23 GMT" time="2.139" errors="0">
  <testcase name="AssertStatusCodeNegativeWrongId" time="0.426" classname="RegressionV1API.vechiclesVCDASearchControllerTest"/>
  <testcase name="AssertStatusCodePostive" time="0.428" classname="RegressionV1API.vechiclesVCDASearchControllerTest"/>
  <testcase name="AssertStatusCodePostive2" time="0.897" classname="RegressionV1API.vechiclesVCDASearchControllerTest"/>
  <testcase name="AssertStatusCodeNegativeWrongAuth" time="0.388" classname="RegressionV1API.vechiclesVCDASearchControllerTest"/>
</testsuite>
