<?xml version="1.0" encoding="UTF-8"?>
<!-- Generated by org.testng.reporters.JUnitReportReporter -->
<testsuite hostname="LDALmac40V8JG5M" name="RegressionV1API.incentiveControllerTest" tests="3" failures="0" timestamp="5 Dec 2018 18:28:23 GMT" time="1.195" errors="0">
  <testcase name="AssertStatusCodeNegativeWrongAuth" time="0.377" classname="RegressionV1API.incentiveControllerTest"/>
  <testcase name="AssertStatusCodeNegativeWrongId" time="0.409" classname="RegressionV1API.incentiveControllerTest"/>
  <testcase name="AssertStatusCodePostiveAndIdTheSame" time="0.409" classname="RegressionV1API.incentiveControllerTest"/>
</testsuite>
