<?xml version="1.0" encoding="UTF-8"?>
<!-- Generated by org.testng.reporters.JUnitReportReporter -->
<testsuite hostname="LDALmac40V8JG5M" name="RegressionV1API.accountsSearchControllerTest" tests="5" failures="0" timestamp="5 Dec 2018 18:28:23 GMT" time="2.017" errors="0">
  <testcase name="AssertStatusCodePostive2" time="0.424" classname="RegressionV1API.accountsSearchControllerTest"/>
  <testcase name="AssertStatusCodeNegativeWrongAuth" time="0.376" classname="RegressionV1API.accountsSearchControllerTest"/>
  <testcase name="AssertStatusCodeNegativeWrongId" time="0.397" classname="RegressionV1API.accountsSearchControllerTest"/>
  <testcase name="AssertStatusCodeNegativeWrongAccountId" time="0.409" classname="RegressionV1API.accountsSearchControllerTest"/>
  <testcase name="AssertStatusCodePostive" time="0.411" classname="RegressionV1API.accountsSearchControllerTest"/>
</testsuite>
