<?xml version="1.0" encoding="UTF-8"?>
<!-- Generated by org.testng.reporters.JUnitReportReporter -->
<testsuite hostname="LDALmac40V8JG5M" name="TestFramework.vechicleControllerTest" tests="3" failures="0" timestamp="5 Dec 2018 18:08:49 GMT" time="1.753" errors="0">
  <testcase name="AssertStatusCodePostive" time="0.952" classname="TestFramework.vechicleControllerTest"/>
  <testcase name="AssertStatusCodeNegativeWrongAuth" time="0.408" classname="TestFramework.vechicleControllerTest"/>
  <testcase name="AssertStatusCodeNegativeWrongId" time="0.393" classname="TestFramework.vechicleControllerTest"/>
</testsuite>
